<?xml version="1.0" encoding="UTF-8"?>
<!-- Generated by org.testng.reporters.JUnitReportReporter -->
<testsuite hostname="LAPTOP-SIUVM6KC" failures="0" tests="1" name="com.baseclass.DataDrivenConcept" time="19.075" errors="0" timestamp="2024-12-13T21:34:45 IST" skipped="0">
  <testcase classname="com.baseclass.DataDrivenConcept" name="datadriven" time="19.075"/>
  <system-out/>
</testsuite> <!-- com.baseclass.DataDrivenConcept -->
